Reading data/hard/hard-l-10.txt...
read P, row 5
read E, row 3
read a, row 3
Finished reading data
Matrix P (5, 3), E (3, 2), pins (0, 0), anchors (3, 3)
Academic license - for non-commercial use only
18-
Edge 0 0[0]: 0
Edge 0 1[1]: 0
Edge 1 0[0]: 0.02
v0x 0 v0y 0 v0z 0 w0x 0 w0y 0 w0z 0
v1x 0.01 v1y 0.01 v1z 0 w1x 0 w1y 0 w1z 0
v2x 0.01 v2y 0 v2z 0 w2x -0.01 w2y 0 w2z 0
Edge 1 1[2]: 0.02
v0x 0 v0y 0 v0z 0 w0x 0 w0y 0 w0z 0
v1x 0.01 v1y 0.01 v1z 0 w1x 0 w1y 0 w1z 0
v2x 0.01 v2y 0 v2z 0 w2x -0.01 w2y 0 w2z 0
Edge 2 0[3]: 0.03
v0x 0 v0y 0 v0z 0 w0x 0 w0y 0 w0z 0
v1x 0.01 v1y 0 v1z 0 w1x 0.01 w1y 0 w1z 0
v2x 0.01 v2y 0.01 v2z 0 w2x 0.01 w2y 0 w2z 0
Edge 2 1[4]: 0.03
v0x 0 v0y 0 v0z 0 w0x 0 w0y 0 w0z 0
v1x 0.01 v1y 0 v1z 0 w1x 0 w1y 0 w1z 0
v2x 0.01 v2y 0.01 v2z 0 w2x -0.01 w2y 0 w2z 0
