Reading data/hard/hard-o-10.txt...
read P, row 4
read E, row 4
read a, row 4
Finished reading data
Matrix P (4, 3), E (4, 2), pins (0, 0), anchors (4, 3)
Academic license - for non-commercial use only
24-
Edge 0 0[0]: 0
Edge 0 1[1]: 0
Edge 1 0[0]: 0.03
v0x 0 v0y 0 v0z 0 w0x 0 w0y 0 w0z 0
v1x 0.01 v1y -0.06 v1z 0.06 w1x 0.01 w1y -0.01 w1z -0.01
v2x 0.01 v2y -0.06 v2z 0.06 w2x 0.01 w2y -0.01 w2z -0.01
v3x 0.01 v3y -0.12 v3z 0.12 w3x 0 w3y -0.02 w3z -0.02
Edge 1 1[2]: 0.23
v0x 0 v0y 0 v0z 0 w0x 0 w0y 0 w0z 0
v1x 0.01 v1y 0.06 v1z 0.06 w1x 0.01 w1y -0.01 w1z 0.01
v2x 0.01 v2y 0.06 v2z 0.06 w2x 0.01 w2y -0.01 w2z 0.01
v3x 0 v3y 0.12 v3z 0.12 w3x 0 w3y -0.02 w3z 0
Edge 2 0[1]: 0.03
v0x 0 v0y 0 v0z 0 w0x 0 w0y 0 w0z 0
v1x -0.01 v1y -0.06 v1z 0.06 w1x -0.01 w1y -0.01 w1z -0.01
v2x -0.01 v2y -0.06 v2z 0.06 w2x -0.01 w2y -0.01 w2z -0.01
v3x -0.02 v3y -0.12 v3z 0.12 w3x 0 w3y -0.02 w3z 0
Edge 2 1[3]: 0.23
v0x 0 v0y 0 v0z 0 w0x 0 w0y 0 w0z 0
v1x -0.01 v1y 0.06 v1z 0.06 w1x -0.01 w1y -0.01 w1z 0.01
v2x 0.01 v2y 0.06 v2z 0.06 w2x -0.01 w2y -0.01 w2z 0.01
v3x 0 v3y 0.12 v3z 0.12 w3x 0 w3y -0.02 w3z 0
Edge 3 0[2]: 0.26
v0x 0 v0y 0 v0z 0 w0x 0 w0y 0 w0z 0
v1x 0.01 v1y 0.06 v1z 0.06 w1x 0.01 w1y -0.01 w1z 0.01
v2x 0.01 v2y 0.06 v2z 0.06 w2x -0.01 w2y -0.01 w2z 0.01
v3x 0.02 v3y 0.12 v3z 0.12 w3x 0 w3y -0.02 w3z 0
Edge 3 1[3]: 0.26
v0x 0 v0y 0 v0z 0 w0x 0 w0y 0 w0z 0
v1x 0.01 v1y 0.06 v1z 0.06 w1x 0.01 w1y -0.01 w1z 0.01
v2x 0.01 v2y 0.06 v2z 0.06 w2x -0.01 w2y -0.01 w2z 0.01
v3x 0.02 v3y 0.12 v3z 0.12 w3x 0 w3y -0.02 w3z 0
